<?xml version="1.0" encoding="UTF-8"?>
<!-- Generated by org.testng.reporters.JUnitReportReporter -->
<testsuite hostname="FARMAN-VM" failures="0" tests="2" name="Nimbus.Demotest.Tsetcase1" time="104.448" errors="0" timestamp="2022-06-22T16:14:05 PKT" skipped="0">
  <testcase classname="Nimbus.Demotest.Tsetcase1" name="Verfy_Nimbus_page_Title" time="11.857"/>
  <system-out>
    <![CDATA[Title has been compaire successfully-----]]>
  </system-out>
  <testcase classname="Nimbus.Demotest.Tsetcase1" name="Verfy_login_Nimbus" time="92.591"/>
  <system-out>
    <![CDATA[click on Nimbus Login Button----- 
logout successfully ]]>
  </system-out>
</testsuite> <!-- Nimbus.Demotest.Tsetcase1 -->
