<?xml version="1.0" encoding="UTF-8"?>
<!-- Generated by org.testng.reporters.JUnitReportReporter -->
<testsuite hostname="FARMAN-VM" failures="0" tests="3" name="Nimbus.Demotest.Item_Def" time="569.975" errors="0" timestamp="2022-06-22T16:14:05 PKT" skipped="0">
  <testcase classname="Nimbus.Demotest.Item_Def" name="Verify_to_Define_new_item" time="209.063"/>
  <system-out/>
  <testcase classname="Nimbus.Demotest.Item_Def" name="Verify_to_Update_newley_Defined_item" time="181.269"/>
  <system-out>
    <![CDATA[Item update Successfully ]]>
  </system-out>
  <testcase classname="Nimbus.Demotest.Item_Def" name="Verify_to_Delete_newley_Defined_item" time="179.643"/>
  <system-out>
    <![CDATA[Newley Defined item Delete Successfully]]>
  </system-out>
</testsuite> <!-- Nimbus.Demotest.Item_Def -->
